{
  "RSpec": {
    "coverage": {
      "/Users/admin/projects/2025/sunuartisan/sunuartisan-api/app/models/artisan.rb": {
        "lines": [
          1,
          null,
          1,
          1,
          1,
          1,
          1,
          1,
          null,
          1,
          1,
          null,
          null,
          1,
          1,
          1,
          null,
          null,
          1,
          1,
          null,
          null,
          1,
          1,
          null,
          null,
          1,
          0,
          null,
          null,
          1,
          0,
          0,
          0,
          null,
          null,
          1,
          null,
          1,
          0,
          null,
          null,
          null,
          null,
          null,
          1,
          0,
          0,
          null,
          0,
          null,
          null,
          null,
          null,
          null
        ]
      },
      "/Users/admin/projects/2025/sunuartisan/sunuartisan-api/app/models/user.rb": {
        "lines": [
          1,
          null,
          null,
          1,
          null,
          null,
          null,
          1,
          null,
          null,
          null,
          null,
          null,
          null,
          1,
          null,
          1,
          1,
          1,
          1,
          null,
          null,
          1,
          null,
          1,
          null,
          1,
          26,
          null,
          null,
          null,
          1,
          8,
          null,
          null,
          1,
          0,
          null,
          null,
          1,
          16,
          null,
          null
        ]
      },
      "/Users/admin/projects/2025/sunuartisan/sunuartisan-api/app/models/application_record.rb": {
        "lines": [
          1,
          1,
          null
        ]
      },
      "/Users/admin/projects/2025/sunuartisan/sunuartisan-api/app/models/jwt_denylist.rb": {
        "lines": [
          1,
          1,
          null,
          1,
          null
        ]
      },
      "/Users/admin/projects/2025/sunuartisan/sunuartisan-api/app/models/client.rb": {
        "lines": [
          1,
          null,
          1,
          null,
          null,
          null,
          null,
          1,
          1,
          null,
          null,
          1,
          19,
          null,
          null,
          1,
          1,
          null,
          null,
          1,
          37,
          null,
          null,
          1,
          null,
          1,
          54,
          null,
          null
        ]
      },
      "/Users/admin/projects/2025/sunuartisan/sunuartisan-api/app/models/disponibilite_exceptionnelle.rb": {
        "lines": [
          1,
          null,
          1,
          null,
          null,
          1,
          1,
          1,
          1,
          1,
          1,
          1,
          null,
          null,
          1,
          1,
          1,
          null,
          1,
          null,
          1,
          4,
          4,
          null,
          null,
          null,
          1,
          4,
          null,
          0,
          0,
          null,
          null,
          null,
          1,
          4,
          null,
          0,
          null,
          null,
          null,
          0,
          0,
          null,
          null,
          null
        ]
      },
      "/Users/admin/projects/2025/sunuartisan/sunuartisan-api/app/models/horaire_disponibilite.rb": {
        "lines": [
          1,
          null,
          1,
          null,
          null,
          null,
          null,
          null,
          null,
          null,
          null,
          null,
          null,
          1,
          null,
          null,
          1,
          1,
          1,
          1,
          1,
          1,
          1,
          null,
          null,
          1,
          1,
          null,
          1,
          null,
          1,
          5,
          5,
          null,
          null,
          null,
          1,
          5,
          null,
          0,
          0,
          null,
          null,
          null,
          1,
          5,
          null,
          0,
          null,
          null,
          null,
          null,
          0,
          0,
          null,
          null,
          null
        ]
      },
      "/Users/admin/projects/2025/sunuartisan/sunuartisan-api/app/models/portfolio.rb": {
        "lines": [
          1,
          null,
          1,
          null,
          null,
          1,
          1,
          1,
          1,
          null,
          null,
          1,
          null,
          null,
          1,
          null,
          1,
          null,
          1,
          0,
          0,
          null,
          null,
          null,
          1,
          0,
          null,
          null,
          0,
          null,
          null,
          1,
          0,
          null,
          null
        ]
      },
      "/Users/admin/projects/2025/sunuartisan/sunuartisan-api/app/models/atelier.rb": {
        "lines": [
          1,
          null,
          1,
          null,
          null,
          1,
          1,
          1,
          1,
          null,
          1,
          null,
          1,
          null,
          null,
          1,
          null,
          null,
          1,
          null,
          0,
          null,
          0,
          0,
          null,
          0,
          null,
          null,
          null,
          0,
          0,
          null,
          null,
          1,
          null,
          1,
          0,
          0,
          null,
          null,
          null
        ]
      },
      "/Users/admin/projects/2025/sunuartisan/sunuartisan-api/app/models/offre.rb": {
        "lines": [
          1,
          null,
          1,
          1,
          null,
          null,
          1,
          null,
          1,
          1,
          1,
          null,
          null,
          1,
          1,
          null,
          null,
          1,
          0,
          0,
          null,
          0,
          null,
          null,
          null,
          null,
          null,
          null,
          null,
          1,
          0,
          null,
          null,
          1,
          null,
          1,
          0,
          0,
          null,
          null,
          null,
          1,
          0,
          null,
          null
        ]
      },
      "/Users/admin/projects/2025/sunuartisan/sunuartisan-api/app/models/evaluation.rb": {
        "lines": [
          1,
          null,
          1,
          1,
          null,
          null,
          1,
          null,
          null,
          null,
          1,
          1,
          1,
          null,
          null,
          1,
          null,
          1,
          null,
          1,
          0,
          0,
          null,
          null,
          null,
          1,
          0,
          0,
          null,
          null,
          null,
          1,
          0,
          null,
          null,
          1,
          0,
          null,
          null
        ]
      },
      "/Users/admin/projects/2025/sunuartisan/sunuartisan-api/app/models/metier.rb": {
        "lines": [
          1,
          null,
          1,
          1,
          null,
          null,
          1,
          1,
          null,
          null,
          1,
          null
        ]
      },
      "/Users/admin/projects/2025/sunuartisan/sunuartisan-api/app/models/service.rb": {
        "lines": [
          1,
          null,
          1,
          1,
          1,
          null,
          null,
          1,
          1,
          1,
          null,
          null,
          null,
          1,
          1,
          null
        ]
      },
      "/Users/admin/projects/2025/sunuartisan/sunuartisan-api/app/models/requete_service.rb": {
        "lines": [
          1,
          null,
          1,
          null,
          null,
          null,
          null,
          null,
          null,
          null,
          null,
          0,
          0,
          0,
          0,
          0,
          null,
          null,
          0,
          0,
          null,
          0,
          0,
          0,
          null,
          0,
          null,
          null,
          null,
          0,
          0,
          0,
          null,
          null,
          0,
          null,
          0,
          null,
          0,
          0,
          null,
          null
        ]
      },
      "/Users/admin/projects/2025/sunuartisan/sunuartisan-api/app/controllers/application_controller.rb": {
        "lines": [
          0,
          0
        ],
        "branches": {}
      },
      "/Users/admin/projects/2025/sunuartisan/sunuartisan-api/app/jobs/application_job.rb": {
        "lines": [
          0,
          null,
          null,
          null,
          null,
          null,
          0
        ],
        "branches": {}
      },
      "/Users/admin/projects/2025/sunuartisan/sunuartisan-api/app/mailers/application_mailer.rb": {
        "lines": [
          0,
          0,
          0,
          0
        ],
        "branches": {}
      },
      "/Users/admin/projects/2025/sunuartisan/sunuartisan-api/app/models/transaction.rb": {
        "lines": [
          0,
          null,
          0,
          null,
          null,
          0,
          0,
          0,
          0,
          null,
          null,
          0,
          0,
          0,
          null,
          null,
          0,
          0,
          null,
          0,
          null,
          0,
          0,
          0,
          null,
          0,
          null,
          null,
          0,
          null,
          0,
          null,
          null,
          0,
          null,
          0,
          0,
          0,
          0
        ],
        "branches": {}
      }
    },
    "timestamp": 1745082941
  }
}
